<?xml version="1.0" encoding="UTF-8" ?>
<testsuite tests="10" failures="0" name="com.graph.api.utests.EmployeeGraphTest" time="0.012" errors="0" skipped="0">
  <properties>
[...]
</properties>
  <testcase classname="com.graph.api.utests.EmployeeGraphTest" name="testGetPathSourceIsNull" time="0.004"/>
  <testcase classname="com.graph.api.utests.EmployeeGraphTest" name="testGetPathSourceDoesNotExist" time="0"/>
  <testcase classname="com.graph.api.utests.EmployeeGraphTest" name="testAddEdge" time="0.001"/>
  <testcase classname="com.graph.api.utests.EmployeeGraphTest" name="testGetPathDestinationDoesNotExist" time="0"/>
  <testcase classname="com.graph.api.utests.EmployeeGraphTest" name="testGetPathDestinationIsNull" time="0.001"/>
  <testcase classname="com.graph.api.utests.EmployeeGraphTest" name="testGetPathOK1" time="0"/>
  <testcase classname="com.graph.api.utests.EmployeeGraphTest" name="testGetPathOK2" time="0"/>
  <testcase classname="com.graph.api.utests.EmployeeGraphTest" name="testGetPathOK3" time="0.001"/>
  <testcase classname="com.graph.api.utests.EmployeeGraphTest" name="testAddVertices" time="0"/>
  <testcase classname="com.graph.api.utests.EmployeeGraphTest" name="testGetPathSameSourceDestinationVertices" time="0.005"/>
</testsuite>